<?xml version="1.0" encoding="UTF-8"?>
<!-- Generated by org.testng.reporters.JUnitReportReporter -->
<testsuite hostname="Ansus-MacBook-Air.local" failures="0" tests="1" name="Cucumber.TestRunner" time="7.372" errors="0" timestamp="2025-06-23T14:46:12 EDT" skipped="0">
  <testcase classname="Cucumber.TestRunner" name="runScenario" time="7.372"/>
</testsuite> <!-- Cucumber.TestRunner -->
